<?xml version="1.0" encoding="UTF-8"?>
<testsuite xmlns:xsi="http://www.w3.org/2001/XMLSchema-instance" xsi:noNamespaceSchemaLocation="https://maven.apache.org/surefire/maven-surefire-plugin/xsd/surefire-test-report-3.0.xsd" version="3.0" name="com.bncu.tests.comments.CheckCommentTest" time="1.967" tests="1" errors="0" skipped="0" failures="0">
  <properties>
    <property name="java.specification.version" value="17"/>
    <property name="sun.cpu.isalist" value="amd64"/>
    <property name="sun.jnu.encoding" value="Cp1252"/>
    <property name="java.class.path" value="C:\Users\Aliaksandra_Mikhnave\NBCU-ADQA_test_task\target\test-classes;C:\Users\Aliaksandra_Mikhnave\NBCU-ADQA_test_task\target\classes;C:\Users\Aliaksandra_Mikhnave\.m2\repository\com\fasterxml\jackson\core\jackson-databind\2.14.2\jackson-databind-2.14.2.jar;C:\Users\Aliaksandra_Mikhnave\.m2\repository\com\fasterxml\jackson\core\jackson-annotations\2.14.2\jackson-annotations-2.14.2.jar;C:\Users\Aliaksandra_Mikhnave\.m2\repository\com\fasterxml\jackson\core\jackson-core\2.14.2\jackson-core-2.14.2.jar;C:\Users\Aliaksandra_Mikhnave\.m2\repository\org\assertj\assertj-core\3.15.0\assertj-core-3.15.0.jar;C:\Users\Aliaksandra_Mikhnave\.m2\repository\org\projectlombok\lombok\1.18.24\lombok-1.18.24.jar;C:\Users\Aliaksandra_Mikhnave\.m2\repository\com\github\javafaker\javafaker\1.0.2\javafaker-1.0.2.jar;C:\Users\Aliaksandra_Mikhnave\.m2\repository\org\yaml\snakeyaml\1.23\snakeyaml-1.23-android.jar;C:\Users\Aliaksandra_Mikhnave\.m2\repository\com\github\mifmif\generex\1.0.2\generex-1.0.2.jar;C:\Users\Aliaksandra_Mikhnave\.m2\repository\dk\brics\automaton\automaton\1.11-8\automaton-1.11-8.jar;C:\Users\Aliaksandra_Mikhnave\.m2\repository\org\junit\platform\junit-platform-runner\1.6.0\junit-platform-runner-1.6.0.jar;C:\Users\Aliaksandra_Mikhnave\.m2\repository\junit\junit\4.13\junit-4.13.jar;C:\Users\Aliaksandra_Mikhnave\.m2\repository\org\hamcrest\hamcrest-core\1.3\hamcrest-core-1.3.jar;C:\Users\Aliaksandra_Mikhnave\.m2\repository\org\apiguardian\apiguardian-api\1.1.0\apiguardian-api-1.1.0.jar;C:\Users\Aliaksandra_Mikhnave\.m2\repository\org\junit\platform\junit-platform-suite-api\1.6.0\junit-platform-suite-api-1.6.0.jar;C:\Users\Aliaksandra_Mikhnave\.m2\repository\org\junit\jupiter\junit-jupiter-api\5.9.0\junit-jupiter-api-5.9.0.jar;C:\Users\Aliaksandra_Mikhnave\.m2\repository\org\opentest4j\opentest4j\1.2.0\opentest4j-1.2.0.jar;C:\Users\Aliaksandra_Mikhnave\.m2\repository\org\junit\platform\junit-platform-commons\1.9.0\junit-platform-commons-1.9.0.jar;C:\Users\Aliaksandra_Mikhnave\.m2\repository\org\junit\jupiter\junit-jupiter-params\5.9.0\junit-jupiter-params-5.9.0.jar;C:\Users\Aliaksandra_Mikhnave\.m2\repository\org\junit\jupiter\junit-jupiter-engine\5.9.0\junit-jupiter-engine-5.9.0.jar;C:\Users\Aliaksandra_Mikhnave\.m2\repository\org\junit\platform\junit-platform-engine\1.9.0\junit-platform-engine-1.9.0.jar;C:\Users\Aliaksandra_Mikhnave\.m2\repository\org\junit\platform\junit-platform-launcher\1.8.0-M1\junit-platform-launcher-1.8.0-M1.jar;C:\Users\Aliaksandra_Mikhnave\.m2\repository\io\rest-assured\rest-assured\5.3.0\rest-assured-5.3.0.jar;C:\Users\Aliaksandra_Mikhnave\.m2\repository\org\apache\groovy\groovy\4.0.6\groovy-4.0.6.jar;C:\Users\Aliaksandra_Mikhnave\.m2\repository\org\apache\groovy\groovy-xml\4.0.6\groovy-xml-4.0.6.jar;C:\Users\Aliaksandra_Mikhnave\.m2\repository\org\apache\httpcomponents\httpclient\4.5.13\httpclient-4.5.13.jar;C:\Users\Aliaksandra_Mikhnave\.m2\repository\org\apache\httpcomponents\httpcore\4.4.13\httpcore-4.4.13.jar;C:\Users\Aliaksandra_Mikhnave\.m2\repository\commons-logging\commons-logging\1.2\commons-logging-1.2.jar;C:\Users\Aliaksandra_Mikhnave\.m2\repository\commons-codec\commons-codec\1.11\commons-codec-1.11.jar;C:\Users\Aliaksandra_Mikhnave\.m2\repository\org\apache\httpcomponents\httpmime\4.5.13\httpmime-4.5.13.jar;C:\Users\Aliaksandra_Mikhnave\.m2\repository\org\hamcrest\hamcrest\2.1\hamcrest-2.1.jar;C:\Users\Aliaksandra_Mikhnave\.m2\repository\org\ccil\cowan\tagsoup\tagsoup\1.2.1\tagsoup-1.2.1.jar;C:\Users\Aliaksandra_Mikhnave\.m2\repository\io\rest-assured\json-path\5.3.0\json-path-5.3.0.jar;C:\Users\Aliaksandra_Mikhnave\.m2\repository\org\apache\groovy\groovy-json\4.0.6\groovy-json-4.0.6.jar;C:\Users\Aliaksandra_Mikhnave\.m2\repository\io\rest-assured\rest-assured-common\5.3.0\rest-assured-common-5.3.0.jar;C:\Users\Aliaksandra_Mikhnave\.m2\repository\io\rest-assured\xml-path\5.3.0\xml-path-5.3.0.jar;C:\Users\Aliaksandra_Mikhnave\.m2\repository\org\apache\commons\commons-lang3\3.11\commons-lang3-3.11.jar;"/>
    <property name="java.vm.vendor" value="Amazon.com Inc."/>
    <property name="sun.arch.data.model" value="64"/>
    <property name="user.variant" value=""/>
    <property name="java.vendor.url" value="https://aws.amazon.com/corretto/"/>
    <property name="user.timezone" value="Europe/Warsaw"/>
    <property name="os.name" value="Windows 10"/>
    <property name="java.vm.specification.version" value="17"/>
    <property name="sun.java.launcher" value="SUN_STANDARD"/>
    <property name="user.country" value="US"/>
    <property name="sun.boot.library.path" value="C:\Users\Aliaksandra_Mikhnave\.jdks\corretto-17.0.4.1\bin"/>
    <property name="sun.java.command" value="C:\Users\Aliaksandra_Mikhnave\AppData\Local\Temp\surefire2617252806483521085\surefirebooter-20230412183056272_3.jar C:\Users\Aliaksandra_Mikhnave\AppData\Local\Temp\surefire2617252806483521085 2023-04-12T18-30-55_073-jvmRun1 surefire-20230412183056272_1tmp surefire_0-20230412183056272_2tmp"/>
    <property name="jdk.debug" value="release"/>
    <property name="surefire.test.class.path" value="C:\Users\Aliaksandra_Mikhnave\NBCU-ADQA_test_task\target\test-classes;C:\Users\Aliaksandra_Mikhnave\NBCU-ADQA_test_task\target\classes;C:\Users\Aliaksandra_Mikhnave\.m2\repository\com\fasterxml\jackson\core\jackson-databind\2.14.2\jackson-databind-2.14.2.jar;C:\Users\Aliaksandra_Mikhnave\.m2\repository\com\fasterxml\jackson\core\jackson-annotations\2.14.2\jackson-annotations-2.14.2.jar;C:\Users\Aliaksandra_Mikhnave\.m2\repository\com\fasterxml\jackson\core\jackson-core\2.14.2\jackson-core-2.14.2.jar;C:\Users\Aliaksandra_Mikhnave\.m2\repository\org\assertj\assertj-core\3.15.0\assertj-core-3.15.0.jar;C:\Users\Aliaksandra_Mikhnave\.m2\repository\org\projectlombok\lombok\1.18.24\lombok-1.18.24.jar;C:\Users\Aliaksandra_Mikhnave\.m2\repository\com\github\javafaker\javafaker\1.0.2\javafaker-1.0.2.jar;C:\Users\Aliaksandra_Mikhnave\.m2\repository\org\yaml\snakeyaml\1.23\snakeyaml-1.23-android.jar;C:\Users\Aliaksandra_Mikhnave\.m2\repository\com\github\mifmif\generex\1.0.2\generex-1.0.2.jar;C:\Users\Aliaksandra_Mikhnave\.m2\repository\dk\brics\automaton\automaton\1.11-8\automaton-1.11-8.jar;C:\Users\Aliaksandra_Mikhnave\.m2\repository\org\junit\platform\junit-platform-runner\1.6.0\junit-platform-runner-1.6.0.jar;C:\Users\Aliaksandra_Mikhnave\.m2\repository\junit\junit\4.13\junit-4.13.jar;C:\Users\Aliaksandra_Mikhnave\.m2\repository\org\hamcrest\hamcrest-core\1.3\hamcrest-core-1.3.jar;C:\Users\Aliaksandra_Mikhnave\.m2\repository\org\apiguardian\apiguardian-api\1.1.0\apiguardian-api-1.1.0.jar;C:\Users\Aliaksandra_Mikhnave\.m2\repository\org\junit\platform\junit-platform-suite-api\1.6.0\junit-platform-suite-api-1.6.0.jar;C:\Users\Aliaksandra_Mikhnave\.m2\repository\org\junit\jupiter\junit-jupiter-api\5.9.0\junit-jupiter-api-5.9.0.jar;C:\Users\Aliaksandra_Mikhnave\.m2\repository\org\opentest4j\opentest4j\1.2.0\opentest4j-1.2.0.jar;C:\Users\Aliaksandra_Mikhnave\.m2\repository\org\junit\platform\junit-platform-commons\1.9.0\junit-platform-commons-1.9.0.jar;C:\Users\Aliaksandra_Mikhnave\.m2\repository\org\junit\jupiter\junit-jupiter-params\5.9.0\junit-jupiter-params-5.9.0.jar;C:\Users\Aliaksandra_Mikhnave\.m2\repository\org\junit\jupiter\junit-jupiter-engine\5.9.0\junit-jupiter-engine-5.9.0.jar;C:\Users\Aliaksandra_Mikhnave\.m2\repository\org\junit\platform\junit-platform-engine\1.9.0\junit-platform-engine-1.9.0.jar;C:\Users\Aliaksandra_Mikhnave\.m2\repository\org\junit\platform\junit-platform-launcher\1.8.0-M1\junit-platform-launcher-1.8.0-M1.jar;C:\Users\Aliaksandra_Mikhnave\.m2\repository\io\rest-assured\rest-assured\5.3.0\rest-assured-5.3.0.jar;C:\Users\Aliaksandra_Mikhnave\.m2\repository\org\apache\groovy\groovy\4.0.6\groovy-4.0.6.jar;C:\Users\Aliaksandra_Mikhnave\.m2\repository\org\apache\groovy\groovy-xml\4.0.6\groovy-xml-4.0.6.jar;C:\Users\Aliaksandra_Mikhnave\.m2\repository\org\apache\httpcomponents\httpclient\4.5.13\httpclient-4.5.13.jar;C:\Users\Aliaksandra_Mikhnave\.m2\repository\org\apache\httpcomponents\httpcore\4.4.13\httpcore-4.4.13.jar;C:\Users\Aliaksandra_Mikhnave\.m2\repository\commons-logging\commons-logging\1.2\commons-logging-1.2.jar;C:\Users\Aliaksandra_Mikhnave\.m2\repository\commons-codec\commons-codec\1.11\commons-codec-1.11.jar;C:\Users\Aliaksandra_Mikhnave\.m2\repository\org\apache\httpcomponents\httpmime\4.5.13\httpmime-4.5.13.jar;C:\Users\Aliaksandra_Mikhnave\.m2\repository\org\hamcrest\hamcrest\2.1\hamcrest-2.1.jar;C:\Users\Aliaksandra_Mikhnave\.m2\repository\org\ccil\cowan\tagsoup\tagsoup\1.2.1\tagsoup-1.2.1.jar;C:\Users\Aliaksandra_Mikhnave\.m2\repository\io\rest-assured\json-path\5.3.0\json-path-5.3.0.jar;C:\Users\Aliaksandra_Mikhnave\.m2\repository\org\apache\groovy\groovy-json\4.0.6\groovy-json-4.0.6.jar;C:\Users\Aliaksandra_Mikhnave\.m2\repository\io\rest-assured\rest-assured-common\5.3.0\rest-assured-common-5.3.0.jar;C:\Users\Aliaksandra_Mikhnave\.m2\repository\io\rest-assured\xml-path\5.3.0\xml-path-5.3.0.jar;C:\Users\Aliaksandra_Mikhnave\.m2\repository\org\apache\commons\commons-lang3\3.11\commons-lang3-3.11.jar;"/>
    <property name="sun.cpu.endian" value="little"/>
    <property name="user.home" value="C:\Users\Aliaksandra_Mikhnave"/>
    <property name="user.language" value="en"/>
    <property name="java.specification.vendor" value="Oracle Corporation"/>
    <property name="java.version.date" value="2022-08-12"/>
    <property name="java.home" value="C:\Users\Aliaksandra_Mikhnave\.jdks\corretto-17.0.4.1"/>
    <property name="file.separator" value="\"/>
    <property name="basedir" value="C:\Users\Aliaksandra_Mikhnave\NBCU-ADQA_test_task"/>
    <property name="java.vm.compressedOopsMode" value="Zero based"/>
    <property name="line.separator" value="&#10;"/>
    <property name="java.vm.specification.vendor" value="Oracle Corporation"/>
    <property name="java.specification.name" value="Java Platform API Specification"/>
    <property name="surefire.real.class.path" value="C:\Users\Aliaksandra_Mikhnave\AppData\Local\Temp\surefire2617252806483521085\surefirebooter-20230412183056272_3.jar"/>
    <property name="user.script" value=""/>
    <property name="sun.management.compiler" value="HotSpot 64-Bit Tiered Compilers"/>
    <property name="java.runtime.version" value="17.0.4.1+9-LTS"/>
    <property name="user.name" value="Aliaksandra_Linnik"/>
    <property name="path.separator" value=";"/>
    <property name="os.version" value="10.0"/>
    <property name="java.runtime.name" value="OpenJDK Runtime Environment"/>
    <property name="file.encoding" value="Cp1252"/>
    <property name="java.vm.name" value="OpenJDK 64-Bit Server VM"/>
    <property name="java.vendor.version" value="Corretto-17.0.4.9.1"/>
    <property name="localRepository" value="C:\Users\Aliaksandra_Mikhnave\.m2\repository"/>
    <property name="java.vendor.url.bug" value="https://github.com/corretto/corretto-17/issues/"/>
    <property name="java.io.tmpdir" value="C:\Users\ALIAKS~1\AppData\Local\Temp\"/>
    <property name="idea.version" value="2022.1.3"/>
    <property name="java.version" value="17.0.4.1"/>
    <property name="user.dir" value="C:\Users\Aliaksandra_Mikhnave\NBCU-ADQA_test_task"/>
    <property name="os.arch" value="amd64"/>
    <property name="java.vm.specification.name" value="Java Virtual Machine Specification"/>
    <property name="sun.os.patch.level" value=""/>
    <property name="native.encoding" value="Cp1252"/>
    <property name="java.library.path" value="C:\Users\Aliaksandra_Mikhnave\.jdks\corretto-17.0.4.1\bin;C:\Windows\Sun\Java\bin;C:\Windows\system32;C:\Windows;C:\Windows\system32;C:\Windows;C:\Windows\System32\Wbem;C:\Windows\System32\WindowsPowerShell\v1.0\;C:\Windows\System32\OpenSSH\;C:\Program Files\Git\cmd;C:\Program Files (x86)\dotnet\;C:\Program Files\dotnet\;C:\Users\Aliaksandra_Mikhnave\AppData\Local\Microsoft\WindowsApps;;C:\Program Files\JetBrains\IntelliJ IDEA Community Edition 2021.3.3\bin;;."/>
    <property name="java.vm.info" value="mixed mode, sharing"/>
    <property name="java.vendor" value="Amazon.com Inc."/>
    <property name="java.vm.version" value="17.0.4.1+9-LTS"/>
    <property name="sun.io.unicode.encoding" value="UnicodeLittle"/>
    <property name="java.class.version" value="61.0"/>
  </properties>
  <testcase name="checkPostComments" classname="com.bncu.tests.comments.CheckCommentTest" time="1.922">
    <system-out><![CDATA[start test 1
end test 1
]]></system-out>
  </testcase>
</testsuite>